1670911724.833414 client started (1079383): version 2.7, socket /tmp/tmux-0/default, protocol 8
1670911724.833434 on Linux 5.4.17-2136.312.3.4.el8uek.aarch64 #2 SMP Wed Oct 19 17:46:20 PDT 2022; libevent 2.1.8-stable (poll)
1670911724.833443 socket is /tmp/tmux-0/default
1670911724.833462 trying connect
1670911724.833474 connect failed: Connection refused
1670911724.833480 lock file is /tmp/tmux-0/default.lock
1670911724.833615 flock succeeded
1670911724.833617 got lock (6)
1670911724.833626 trying connect
1670911724.833631 connect failed: Connection refused
1670911724.833795 add peer 0xaaab194ad330: 7 ((nil))
1670911724.833951 sending message 100 to peer 0xaaab194ad330 (4 bytes)
1670911724.833957 sending message 101 to peer 0xaaab194ad330 (15 bytes)
1670911724.833959 sending message 102 to peer 0xaaab194ad330 (11 bytes)
1670911724.833961 sending message 108 to peer 0xaaab194ad330 (48 bytes)
1670911724.833964 sending message 104 to peer 0xaaab194ad330 (0 bytes)
1670911724.833966 sending message 107 to peer 0xaaab194ad330 (4 bytes)
1670911724.833968 sending message 105 to peer 0xaaab194ad330 (1790 bytes)
1670911724.833974 sending message 105 to peer 0xaaab194ad330 (49 bytes)
1670911724.833976 sending message 105 to peer 0xaaab194ad330 (50 bytes)
1670911724.833978 sending message 105 to peer 0xaaab194ad330 (17 bytes)
1670911724.833981 sending message 105 to peer 0xaaab194ad330 (23 bytes)
1670911724.833983 sending message 105 to peer 0xaaab194ad330 (32 bytes)
1670911724.833985 sending message 105 to peer 0xaaab194ad330 (43 bytes)
1670911724.833987 sending message 105 to peer 0xaaab194ad330 (50 bytes)
1670911724.833989 sending message 105 to peer 0xaaab194ad330 (14 bytes)
1670911724.833991 sending message 105 to peer 0xaaab194ad330 (25 bytes)
1670911724.833993 sending message 105 to peer 0xaaab194ad330 (18 bytes)
1670911724.833995 sending message 105 to peer 0xaaab194ad330 (53 bytes)
1670911724.833997 sending message 105 to peer 0xaaab194ad330 (9 bytes)
1670911724.833999 sending message 105 to peer 0xaaab194ad330 (24 bytes)
1670911724.834001 sending message 105 to peer 0xaaab194ad330 (52 bytes)
1670911724.834003 sending message 105 to peer 0xaaab194ad330 (11 bytes)
1670911724.834005 sending message 105 to peer 0xaaab194ad330 (22 bytes)
1670911724.834007 sending message 105 to peer 0xaaab194ad330 (34 bytes)
1670911724.834009 sending message 105 to peer 0xaaab194ad330 (25 bytes)
1670911724.834011 sending message 105 to peer 0xaaab194ad330 (15 bytes)
1670911724.834013 sending message 105 to peer 0xaaab194ad330 (19 bytes)
1670911724.834015 sending message 105 to peer 0xaaab194ad330 (25 bytes)
1670911724.834018 sending message 105 to peer 0xaaab194ad330 (16 bytes)
1670911724.834020 sending message 105 to peer 0xaaab194ad330 (20 bytes)
1670911724.834022 sending message 105 to peer 0xaaab194ad330 (27 bytes)
1670911724.834024 sending message 105 to peer 0xaaab194ad330 (8 bytes)
1670911724.834026 sending message 105 to peer 0xaaab194ad330 (10 bytes)
1670911724.834028 sending message 105 to peer 0xaaab194ad330 (124 bytes)
1670911724.834030 sending message 105 to peer 0xaaab194ad330 (12 bytes)
1670911724.834033 sending message 105 to peer 0xaaab194ad330 (54 bytes)
1670911724.834035 sending message 105 to peer 0xaaab194ad330 (31 bytes)
1670911724.834037 sending message 105 to peer 0xaaab194ad330 (97 bytes)
1670911724.834039 sending message 105 to peer 0xaaab194ad330 (113 bytes)
1670911724.834041 sending message 105 to peer 0xaaab194ad330 (31 bytes)
1670911724.834043 sending message 105 to peer 0xaaab194ad330 (14 bytes)
1670911724.834045 sending message 105 to peer 0xaaab194ad330 (35 bytes)
1670911724.834047 sending message 105 to peer 0xaaab194ad330 (145 bytes)
1670911724.834050 sending message 105 to peer 0xaaab194ad330 (49 bytes)
1670911724.834052 sending message 105 to peer 0xaaab194ad330 (1093 bytes)
1670911724.834055 sending message 105 to peer 0xaaab194ad330 (645 bytes)
1670911724.834057 sending message 105 to peer 0xaaab194ad330 (119 bytes)
1670911724.834059 sending message 105 to peer 0xaaab194ad330 (38 bytes)
1670911724.834061 sending message 105 to peer 0xaaab194ad330 (16 bytes)
1670911724.834066 sending message 106 to peer 0xaaab194ad330 (0 bytes)
1670911724.834068 sending message 200 to peer 0xaaab194ad330 (4 bytes)
1670911724.834070 client loop enter
1670911724.838399 peer 0xaaab194ad330 message 207
1670911724.838409 sending message 208 to peer 0xaaab194ad330 (0 bytes)
1670911733.198928 peer 0xaaab194ad330 message 203
1670911733.198938 sending message 205 to peer 0xaaab194ad330 (0 bytes)
1670911733.199248 peer 0xaaab194ad330 message 204
1670911733.199254 client loop exit
